17:47:40 **** Incremental Build of configuration Debug for project DOORLOCK_HMI_HOSA ****
make all 
Building file: ../APP/HMI_main.c
Invoking: AVR Compiler
avr-gcc -Wall -g2 -gstabs -O0 -fpack-struct -fshort-enums -ffunction-sections -fdata-sections -std=gnu99 -funsigned-char -funsigned-bitfields -mmcu=atmega32 -DF_CPU=8000000UL -MMD -MP -MF"APP/HMI_main.d" -MT"APP/HMI_main.o" -c -o "APP/HMI_main.o" "../APP/HMI_main.c"
In file included from ../APP/mainApp_Functions.h:18,
                 from ../APP/HMI_main.c:18:
c:/program files/eclipse/winavr/lib/gcc/../../avr/include/util/delay.h:90:3: warning: #warning "Compiler optimizations disabled; functions from <util/delay.h> won't work as designed"
In file included from ../APP/../MCAL/TIMER_DRIVER/../GPIO_DRIVER/GPIO.h:16,
                 from ../APP/../MCAL/TIMER_DRIVER/TIMER.h:20,
                 from ../APP/mainApp_Functions.h:31,
                 from ../APP/HMI_main.c:18:
../APP/../MCAL/TIMER_DRIVER/../GPIO_DRIVER/../../LIB/STD_TYPES.h:32:1: warning: "NULL" redefined
In file included from c:/program files/eclipse/winavr/lib/gcc/../../avr/include/stdlib.h:47,
                 from ../APP/mainApp_Functions.h:16,
                 from ../APP/HMI_main.c:18:
c:\program files\eclipse\winavr\bin\../lib/gcc/avr/4.3.3/include/stddef.h:403:1: warning: this is the location of the previous definition
Finished building: ../APP/HMI_main.c
 
Building target: DOORLOCK_HMI_HOSA.elf
Invoking: AVR C Linker
avr-gcc -Wl,-Map,DOORLOCK_HMI_HOSA.map -mmcu=atmega32 -o "DOORLOCK_HMI_HOSA.elf"  ./MCAL/USART_DRIVER/USART.o  ./MCAL/TIMER_DRIVER/TIMER.o  ./MCAL/SPI_DRIVER/SPI.o  ./MCAL/ICU_DRIVER/ICU.o  ./MCAL/I2C_DRIVER/I2C.o  ./MCAL/GPIO_DRIVER/GPIO.o  ./MCAL/EXT_INTERRUPT_DRIVER/EXT_INTERRUPT.o  ./MCAL/ADC_DRIVER/ADC.o  ./ECUAL/SEVEN-SEGMENT_DRIVER/SEGMENT.o  ./ECUAL/MOTOR_DRIVER/MOTOR.o  ./ECUAL/LM35_DRIVER/LM35.o  ./ECUAL/LED_DRIVER/LED.o  ./ECUAL/LCD_DRIVER/LCD.o  ./ECUAL/KEYPAD_DRIVER/KEYPAD.o  ./ECUAL/EEPROM_DRIVER/EEPROM.o  ./ECUAL/BUZZER_DRIVER/BUZZER.o  ./ECUAL/BUTTON_DRIVER/BUTTON.o  ./APP/Comments.o ./APP/HMI_main.o ./APP/mainApp_Functions.o   
Finished building target: DOORLOCK_HMI_HOSA.elf
 
Invoking: AVR Create Extended Listing
avr-objdump -h -S DOORLOCK_HMI_HOSA.elf  >"DOORLOCK_HMI_HOSA.lss"
Finished building: DOORLOCK_HMI_HOSA.lss
 
Create Flash image (ihex format)
avr-objcopy -R .eeprom -R .fuse -R .lock -R .signature -O ihex DOORLOCK_HMI_HOSA.elf  "DOORLOCK_HMI_HOSA.hex"
Finished building: DOORLOCK_HMI_HOSA.hex
 
Invoking: Print Size
avr-size --format=avr --mcu=atmega32 DOORLOCK_HMI_HOSA.elf
AVR Memory Usage
----------------
Device: atmega32

Program:   18540 bytes (56.6% Full)
(.text + .data + .bootloader)

Data:        326 bytes (15.9% Full)
(.data + .bss + .noinit)


Finished building: sizedummy
 

17:47:41 Build Finished. 0 errors, 3 warnings. (took 1s.106ms)

